
/home/runner/work/exp-parallel-distributed-processing-i-iiith/exp-parallel-distributed-processing-i-iiith/experiment/simulation/exp.js
  379:10  warning  'mouseReleased' is defined but never used        no-unused-vars
  399:10  warning  'keyReleased' is defined but never used          no-unused-vars
  409:10  warning  'resetOriginalValues' is defined but never used  no-unused-vars
  431:10  warning  'setNewValues' is defined but never used         no-unused-vars
  469:10  warning  'setup' is defined but never used                no-unused-vars
  470:21  warning  'createCanvas' is not defined                    no-undef
  483:10  warning  'draw' is defined but never used                 no-unused-vars
  509:39  warning  Empty block statement                            no-empty

/home/runner/work/exp-parallel-distributed-processing-i-iiith/exp-parallel-distributed-processing-i-iiith/experiment/simulation/js/utils.js
    5:17  warning  '$' is not defined               no-undef
   13:3   warning  '$' is not defined               no-undef
   14:10  warning  'SERVER' is not defined          no-undef
   22:38  warning  'xhr' is defined but never used  no-unused-vars
   29:27  warning  '$' is not defined               no-undef
   76:7   warning  '$' is not defined               no-undef
   77:12  warning  'SERVER' is not defined          no-undef
   78:10  warning  'success' is not defined         no-undef
   94:5   warning  '$' is not defined               no-undef
  102:1   warning  '$' is not defined               no-undef

✖ 18 problems (0 errors, 18 warnings)

